<?xml version="1.0" encoding="UTF-8"?>
<robot generator="Robot 3.2.2 (Python 3.6.5 on win32)" generated="20201222 10:44:13.226" rpa="false">
<suite id="s1" name="TestCase1" source="F:\Python Programms\Robot Framework\TestCases\TestCase1.robot">
<test id="s1-t1" name="OpenBrowser Test">
<kw name="Open Browser" library="SeleniumLibrary">
<doc>Opens a new browser instance to the given ``url``.</doc>
<arguments>
<arg>${URL}</arg>
<arg>${Browser}</arg>
</arguments>
<msg timestamp="20201222 10:44:13.489" level="INFO">Opening browser 'Chrome' to base url 'https://www.amazon.in/'.</msg>
<status status="PASS" starttime="20201222 10:44:13.488" endtime="20201222 10:44:35.604"></status>
</kw>
<kw name="Maximize Browser Window" library="SeleniumLibrary">
<doc>Maximizes current browser window.</doc>
<status status="PASS" starttime="20201222 10:44:35.605" endtime="20201222 10:44:37.759"></status>
</kw>
<kw name="Get Window Titles" library="SeleniumLibrary">
<doc>Returns and logs titles of all known browser windows.</doc>
<assign>
<var>@{windowTitles}</var>
</assign>
<msg timestamp="20201222 10:44:37.788" level="INFO">Altogether 1 item.
1: Online Shopping site in India: Shop Online for Mobiles, Books, Watches, Shoes and More - Amazon.in</msg>
<msg timestamp="20201222 10:44:37.789" level="INFO">@{windowTitles} = [ Online Shopping site in India: Shop Online for Mobiles, Books, Watches, Shoes and More - Amazon.in ]</msg>
<status status="PASS" starttime="20201222 10:44:37.760" endtime="20201222 10:44:37.789"></status>
</kw>
<kw name="Log To Console" library="BuiltIn">
<doc>Logs the given message to the console.</doc>
<arguments>
<arg>@{windowTitles}</arg>
</arguments>
<status status="PASS" starttime="20201222 10:44:37.789" endtime="20201222 10:44:37.790"></status>
</kw>
<kw name="Capture Page Screenshot" library="SeleniumLibrary">
<doc>Takes screenshot of the current page and embeds it into log file.</doc>
<arguments>
<arg>F:/Python Programms/Robot Framework/Screenshots/OpenBrowser_Test.png</arg>
</arguments>
<msg timestamp="20201222 10:44:39.329" level="INFO" html="yes">&lt;/td&gt;&lt;/tr&gt;&lt;tr&gt;&lt;td colspan="3"&gt;&lt;a href="../Screenshots/OpenBrowser_Test.png"&gt;&lt;img src="../Screenshots/OpenBrowser_Test.png" width="800px"&gt;&lt;/a&gt;</msg>
<status status="PASS" starttime="20201222 10:44:37.790" endtime="20201222 10:44:39.329"></status>
</kw>
<status status="PASS" starttime="20201222 10:44:13.486" endtime="20201222 10:44:39.330" critical="yes"></status>
</test>
<test id="s1-t2" name="Search Test">
<kw name="Input Text" library="SeleniumLibrary">
<doc>Types the given ``text`` into text field identified by ``locator``.</doc>
<arguments>
<arg>id:twotabsearchtextbox</arg>
<arg>mobiles</arg>
</arguments>
<msg timestamp="20201222 10:44:39.331" level="INFO">Typing text 'mobiles' into text field 'id:twotabsearchtextbox'.</msg>
<status status="PASS" starttime="20201222 10:44:39.331" endtime="20201222 10:44:39.479"></status>
</kw>
<kw name="Click Element" library="SeleniumLibrary">
<doc>Click element identified by ``locator``.</doc>
<arguments>
<arg>id:nav-search-submit-text</arg>
</arguments>
<msg timestamp="20201222 10:44:39.480" level="INFO">Clicking element 'id:nav-search-submit-text'.</msg>
<status status="PASS" starttime="20201222 10:44:39.480" endtime="20201222 10:44:43.472"></status>
</kw>
<kw name="Capture Page Screenshot" library="SeleniumLibrary">
<doc>Takes screenshot of the current page and embeds it into log file.</doc>
<arguments>
<arg>F:/Python Programms/Robot Framework/Screenshots/Search_Test.png</arg>
</arguments>
<msg timestamp="20201222 10:44:45.126" level="INFO" html="yes">&lt;/td&gt;&lt;/tr&gt;&lt;tr&gt;&lt;td colspan="3"&gt;&lt;a href="../Screenshots/Search_Test.png"&gt;&lt;img src="../Screenshots/Search_Test.png" width="800px"&gt;&lt;/a&gt;</msg>
<status status="PASS" starttime="20201222 10:44:43.473" endtime="20201222 10:44:45.126"></status>
</kw>
<status status="PASS" starttime="20201222 10:44:39.330" endtime="20201222 10:44:45.127" critical="yes"></status>
</test>
<test id="s1-t3" name="Apply Filters Test">
<kw name="Set Selenium Speed" library="SeleniumLibrary">
<doc>Sets the delay that is waited after each Selenium command.</doc>
<arguments>
<arg>3 seconds</arg>
</arguments>
<status status="PASS" starttime="20201222 10:44:45.130" endtime="20201222 10:44:45.131"></status>
</kw>
<kw name="Click Element" library="SeleniumLibrary">
<doc>Click element identified by ``locator``.</doc>
<arguments>
<arg>xpath=//li[@id='p_85/10440599031']/span/a/div/label/i</arg>
</arguments>
<msg timestamp="20201222 10:44:45.132" level="INFO">Clicking element 'xpath=//li[@id='p_85/10440599031']/span/a/div/label/i'.</msg>
<status status="PASS" starttime="20201222 10:44:45.131" endtime="20201222 10:44:51.312"></status>
</kw>
<kw name="Click Element" library="SeleniumLibrary">
<doc>Click element identified by ``locator``.</doc>
<arguments>
<arg>xpath=//li[@id='p_89/Samsung']/span/a/div/label/i</arg>
</arguments>
<msg timestamp="20201222 10:44:51.313" level="INFO">Clicking element 'xpath=//li[@id='p_89/Samsung']/span/a/div/label/i'.</msg>
<status status="PASS" starttime="20201222 10:44:51.312" endtime="20201222 10:44:57.480"></status>
</kw>
<kw name="Click Element" library="SeleniumLibrary">
<doc>Click element identified by ``locator``.</doc>
<arguments>
<arg>xpath=//li[@id='p_36/1318507031']/span/a</arg>
</arguments>
<msg timestamp="20201222 10:44:57.481" level="INFO">Clicking element 'xpath=//li[@id='p_36/1318507031']/span/a'.</msg>
<status status="PASS" starttime="20201222 10:44:57.481" endtime="20201222 10:45:05.749"></status>
</kw>
<kw name="Click Element" library="SeleniumLibrary">
<doc>Click element identified by ``locator``.</doc>
<arguments>
<arg>xpath=//li[@id='p_n_is_cod_eligible/4931671031']/span/a/div/label/i</arg>
</arguments>
<msg timestamp="20201222 10:45:05.750" level="INFO">Clicking element 'xpath=//li[@id='p_n_is_cod_eligible/4931671031']/span/a/div/label/i'.</msg>
<status status="PASS" starttime="20201222 10:45:05.749" endtime="20201222 10:45:13.974"></status>
</kw>
<kw name="Capture Page Screenshot" library="SeleniumLibrary">
<doc>Takes screenshot of the current page and embeds it into log file.</doc>
<arguments>
<arg>F:/Python Programms/Robot Framework/Screenshots/Apply_Filters_Test.png</arg>
</arguments>
<msg timestamp="20201222 10:45:17.431" level="INFO" html="yes">&lt;/td&gt;&lt;/tr&gt;&lt;tr&gt;&lt;td colspan="3"&gt;&lt;a href="../Screenshots/Apply_Filters_Test.png"&gt;&lt;img src="../Screenshots/Apply_Filters_Test.png" width="800px"&gt;&lt;/a&gt;</msg>
<status status="PASS" starttime="20201222 10:45:13.974" endtime="20201222 10:45:17.431"></status>
</kw>
<status status="PASS" starttime="20201222 10:44:45.129" endtime="20201222 10:45:17.432" critical="yes"></status>
</test>
<test id="s1-t4" name="Select First Product">
<kw name="Click Element" library="SeleniumLibrary">
<doc>Click element identified by ``locator``.</doc>
<arguments>
<arg>xpath=//span[contains(text(),'Samsung Galaxy M51 (Electric Blue, 8GB RAM, 128GB ')]</arg>
</arguments>
<msg timestamp="20201222 10:45:17.437" level="INFO">Clicking element 'xpath=//span[contains(text(),'Samsung Galaxy M51 (Electric Blue, 8GB RAM, 128GB ')]'.</msg>
<status status="PASS" starttime="20201222 10:45:17.436" endtime="20201222 10:45:23.818"></status>
</kw>
<kw name="Select Window" library="SeleniumLibrary">
<doc>Selects browser window matching ``locator``.</doc>
<arguments>
<arg>NEW</arg>
</arguments>
<assign>
<var>${tab1}</var>
</assign>
<msg timestamp="20201222 10:45:35.833" level="INFO">${tab1} = CDwindow-61D9BAF8A361E73CFA8D8A637424DF0F</msg>
<status status="PASS" starttime="20201222 10:45:23.818" endtime="20201222 10:45:35.833"></status>
</kw>
<kw name="Click Element" library="SeleniumLibrary">
<doc>Click element identified by ``locator``.</doc>
<arguments>
<arg>xpath://input[@id="add-to-cart-button"]</arg>
</arguments>
<msg timestamp="20201222 10:45:35.834" level="INFO">Clicking element 'xpath://input[@id="add-to-cart-button"]'.</msg>
<status status="PASS" starttime="20201222 10:45:35.833" endtime="20201222 10:45:44.169"></status>
</kw>
<kw name="Close Window" library="SeleniumLibrary">
<doc>Closes currently opened pop-up window.</doc>
<status status="PASS" starttime="20201222 10:45:44.171" endtime="20201222 10:45:47.262"></status>
</kw>
<kw name="Select Window" library="SeleniumLibrary">
<doc>Selects browser window matching ``locator``.</doc>
<arguments>
<arg>${tab1}</arg>
</arguments>
<status status="PASS" starttime="20201222 10:45:47.262" endtime="20201222 10:45:53.273"></status>
</kw>
<status status="PASS" starttime="20201222 10:45:17.435" endtime="20201222 10:45:53.273" critical="yes"></status>
</test>
<test id="s1-t5" name="Select Second Product">
<kw name="Click Element" library="SeleniumLibrary">
<doc>Click element identified by ``locator``.</doc>
<arguments>
<arg>xpath=//span[contains(text(),'Samsung Galaxy M51 (Electric Blue, 6GB RAM, 128GB ')]</arg>
</arguments>
<msg timestamp="20201222 10:45:53.276" level="INFO">Clicking element 'xpath=//span[contains(text(),'Samsung Galaxy M51 (Electric Blue, 6GB RAM, 128GB ')]'.</msg>
<status status="PASS" starttime="20201222 10:45:53.275" endtime="20201222 10:45:59.578"></status>
</kw>
<kw name="Select Window" library="SeleniumLibrary">
<doc>Selects browser window matching ``locator``.</doc>
<arguments>
<arg>NEW</arg>
</arguments>
<assign>
<var>${tab1}</var>
</assign>
<msg timestamp="20201222 10:46:11.591" level="INFO">${tab1} = CDwindow-61D9BAF8A361E73CFA8D8A637424DF0F</msg>
<status status="PASS" starttime="20201222 10:45:59.578" endtime="20201222 10:46:11.591"></status>
</kw>
<kw name="Click Element" library="SeleniumLibrary">
<doc>Click element identified by ``locator``.</doc>
<arguments>
<arg>xpath://input[@id="add-to-cart-button"]</arg>
</arguments>
<msg timestamp="20201222 10:46:11.592" level="INFO">Clicking element 'xpath://input[@id="add-to-cart-button"]'.</msg>
<status status="PASS" starttime="20201222 10:46:11.591" endtime="20201222 10:46:19.923"></status>
</kw>
<kw name="Close Window" library="SeleniumLibrary">
<doc>Closes currently opened pop-up window.</doc>
<status status="PASS" starttime="20201222 10:46:19.923" endtime="20201222 10:46:22.990"></status>
</kw>
<kw name="Select Window" library="SeleniumLibrary">
<doc>Selects browser window matching ``locator``.</doc>
<arguments>
<arg>${tab1}</arg>
</arguments>
<status status="PASS" starttime="20201222 10:46:22.990" endtime="20201222 10:46:29.000"></status>
</kw>
<status status="PASS" starttime="20201222 10:45:53.275" endtime="20201222 10:46:29.000" critical="yes"></status>
</test>
<test id="s1-t6" name="Go To Cart">
<kw name="Click Element" library="SeleniumLibrary">
<doc>Click element identified by ``locator``.</doc>
<arguments>
<arg>xpath://div[@id="nav-cart-count-container"]</arg>
</arguments>
<msg timestamp="20201222 10:46:29.004" level="INFO">Clicking element 'xpath://div[@id="nav-cart-count-container"]'.</msg>
<status status="PASS" starttime="20201222 10:46:29.003" endtime="20201222 10:46:36.579"></status>
</kw>
<kw name="Capture Page Screenshot" library="SeleniumLibrary">
<doc>Takes screenshot of the current page and embeds it into log file.</doc>
<arguments>
<arg>F:/Python Programms/Robot Framework/Screenshots/Go_To_Cart.png</arg>
</arguments>
<msg timestamp="20201222 10:46:39.981" level="INFO" html="yes">&lt;/td&gt;&lt;/tr&gt;&lt;tr&gt;&lt;td colspan="3"&gt;&lt;a href="../Screenshots/Go_To_Cart.png"&gt;&lt;img src="../Screenshots/Go_To_Cart.png" width="800px"&gt;&lt;/a&gt;</msg>
<status status="PASS" starttime="20201222 10:46:36.579" endtime="20201222 10:46:39.982"></status>
</kw>
<status status="PASS" starttime="20201222 10:46:29.002" endtime="20201222 10:46:39.982" critical="yes"></status>
</test>
<test id="s1-t7" name="Close Browser Test">
<kw name="Close Browser" library="SeleniumLibrary">
<doc>Closes the current browser.</doc>
<status status="PASS" starttime="20201222 10:46:39.985" endtime="20201222 10:46:45.112"></status>
</kw>
<status status="PASS" starttime="20201222 10:46:39.984" endtime="20201222 10:46:45.112" critical="yes"></status>
</test>
<status status="PASS" starttime="20201222 10:44:13.229" endtime="20201222 10:46:45.115"></status>
</suite>
<statistics>
<total>
<stat pass="7" fail="0">Critical Tests</stat>
<stat pass="7" fail="0">All Tests</stat>
</total>
<tag>
</tag>
<suite>
<stat pass="7" fail="0" id="s1" name="TestCase1">TestCase1</stat>
</suite>
</statistics>
<errors>
</errors>
</robot>
